This file contains any messages produced by compilers while
running configure, to aid debugging if configure makes a mistake.

It was created by configure, which was
generated by GNU Autoconf 2.68.  Invocation command line was

  $ ./configure --disable-option-checking --prefix=/usr/local --cache-file=/dev/null --srcdir=.

## --------- ##
## Platform. ##
## --------- ##

hostname = praesidio
uname -m = x86_64
uname -r = 3.2.0-54-generic
uname -s = Linux
uname -v = #82-Ubuntu SMP Tue Sep 10 20:08:42 UTC 2013

/usr/bin/uname -p = unknown
/bin/uname -X     = unknown

/bin/arch              = unknown
/usr/bin/arch -k       = unknown
/usr/convex/getsysinfo = unknown
/usr/bin/hostinfo      = unknown
/bin/machine           = unknown
/usr/bin/oslevel       = unknown
/bin/universe          = unknown

PATH: /usr/lib/lightdm/lightdm
PATH: /usr/local/sbin
PATH: /usr/local/bin
PATH: /usr/sbin
PATH: /usr/bin
PATH: /sbin
PATH: /bin
PATH: /usr/games


## ----------- ##
## Core tests. ##
## ----------- ##

configure:1750: checking for a BSD-compatible install
configure:1818: result: /usr/bin/install -c
configure:1829: checking whether build environment is sane
configure:1884: result: yes
configure:2035: checking for a thread-safe mkdir -p
configure:2074: result: /bin/mkdir -p
configure:2087: checking for gawk
configure:2117: result: no
configure:2087: checking for mawk
configure:2103: found /usr/bin/mawk
configure:2114: result: mawk
configure:2125: checking whether make sets $(MAKE)
configure:2147: result: yes
configure:2228: checking whether make sets $(MAKE)
configure:2250: result: yes
configure:2267: checking for emacs
configure:2297: result: no
configure:2267: checking for xemacs
configure:2297: result: no
configure:2318: checking where .elc files should go
configure:2347: result: ${datadir}/emacs/site-lisp
configure:2360: checking for dvips
configure:2390: result: no
configure:2403: checking for latex
configure:2433: result: no
configure:2403: checking for latex2e
configure:2433: result: no
configure:2444: checking for makeinfo
configure:2475: result: no
configure:2488: checking for pdflatex
configure:2518: result: no
configure:2705: checking that generated files are newer than configure
configure:2711: result: done
configure:2719: creating ./config.status

## ---------------------- ##
## Running config.status. ##
## ---------------------- ##

This file was extended by config.status, which was
generated by GNU Autoconf 2.68.  Invocation command line was

  CONFIG_FILES    = 
  CONFIG_HEADERS  = 
  CONFIG_LINKS    = 
  CONFIG_COMMANDS = 
  $ ./config.status 

on praesidio

config.status:758: creating Makefile

## ---------------- ##
## Cache variables. ##
## ---------------- ##

ac_cv_env_EMACSLOADPATH_set=
ac_cv_env_EMACSLOADPATH_value=
ac_cv_env_EMACS_set=
ac_cv_env_EMACS_value=
ac_cv_env_build_alias_set=
ac_cv_env_build_alias_value=
ac_cv_env_host_alias_set=
ac_cv_env_host_alias_value=
ac_cv_env_target_alias_set=
ac_cv_env_target_alias_value=
ac_cv_path_MAKEINFO=no
ac_cv_path_install='/usr/bin/install -c'
ac_cv_path_mkdir=/bin/mkdir
ac_cv_prog_AWK=mawk
ac_cv_prog_make_make_set=yes
am_cv_lispdir='${datadir}/emacs/site-lisp'

## ----------------- ##
## Output variables. ##
## ----------------- ##

ACLOCAL='${SHELL} /home/praesidio/Documents/PRO.M.I.S/Promis-Tools/gnuplot-4.6.1/missing --run aclocal-1.12'
AMTAR='$${TAR-tar}'
AUTOCONF='${SHELL} /home/praesidio/Documents/PRO.M.I.S/Promis-Tools/gnuplot-4.6.1/missing --run autoconf'
AUTOHEADER='${SHELL} /home/praesidio/Documents/PRO.M.I.S/Promis-Tools/gnuplot-4.6.1/missing --run autoheader'
AUTOMAKE='${SHELL} /home/praesidio/Documents/PRO.M.I.S/Promis-Tools/gnuplot-4.6.1/missing --run automake-1.12'
AWK='mawk'
CYGPATH_W='echo'
DEFS='-DPACKAGE_NAME=\"\" -DPACKAGE_TARNAME=\"\" -DPACKAGE_VERSION=\"\" -DPACKAGE_STRING=\"\" -DPACKAGE_BUGREPORT=\"\" -DPACKAGE_URL=\"\" -DPACKAGE=\"gnuplot-mode\" -DVERSION=\"0.6.0\"'
DVIPS='no'
ECHO_C=''
ECHO_N='-n'
ECHO_T=''
EMACS='no'
EMACSLOADPATH=''
INSTALL_DATA='${INSTALL} -m 644'
INSTALL_LISP='install-nolisp'
INSTALL_PROGRAM='${INSTALL}'
INSTALL_SCRIPT='${INSTALL}'
INSTALL_STRIP_PROGRAM='$(install_sh) -c -s'
LATEX='no'
LIBOBJS=''
LIBS=''
LISPFILES='noelcs'
LTLIBOBJS=''
MAKEINFO='no'
MKDIR_P='/bin/mkdir -p'
PACKAGE='gnuplot-mode'
PACKAGE_BUGREPORT=''
PACKAGE_NAME=''
PACKAGE_STRING=''
PACKAGE_TARNAME=''
PACKAGE_URL=''
PACKAGE_VERSION=''
PATH_SEPARATOR=':'
PDFLATEX='no'
SET_MAKE=''
SHELL='/bin/bash'
STRIP=''
VERSION='0.6.0'
am__isrc=''
am__leading_dot='.'
am__tar='$${TAR-tar} chof - "$$tardir"'
am__untar='$${TAR-tar} xf -'
bindir='${exec_prefix}/bin'
build_alias=''
datadir='${datarootdir}'
datarootdir='${prefix}/share'
docdir='${datarootdir}/doc/${PACKAGE}'
dvidir='${docdir}'
exec_prefix='${prefix}'
host_alias=''
htmldir='${docdir}'
includedir='${prefix}/include'
infodir='${datarootdir}/info'
install_sh='${SHELL} /home/praesidio/Documents/PRO.M.I.S/Promis-Tools/gnuplot-4.6.1/install-sh'
libdir='${exec_prefix}/lib'
libexecdir='${exec_prefix}/libexec'
lispdir='${datadir}/emacs/site-lisp'
localedir='${datarootdir}/locale'
localstatedir='${prefix}/var'
mandir='${datarootdir}/man'
mkdir_p='/bin/mkdir -p'
oldincludedir='/usr/include'
pdfdir='${docdir}'
prefix='/usr/local'
program_transform_name='s,x,x,'
psdir='${docdir}'
sbindir='${exec_prefix}/sbin'
sharedstatedir='${prefix}/com'
sysconfdir='${prefix}/etc'
target_alias=''

## ----------- ##
## confdefs.h. ##
## ----------- ##

/* confdefs.h */
#define PACKAGE_NAME ""
#define PACKAGE_TARNAME ""
#define PACKAGE_VERSION ""
#define PACKAGE_STRING ""
#define PACKAGE_BUGREPORT ""
#define PACKAGE_URL ""
#define PACKAGE "gnuplot-mode"
#define VERSION "0.6.0"

configure: exit 0
